<?xml version="1.0" encoding="UTF-8"?>
<!-- Generated by org.testng.reporters.JUnitReportReporter -->
<testsuite hostname="INLM-ARAVINDHAK.local" failures="0" tests="1" name="Selenium.lambda.Assessment" time="27.280" errors="0" timestamp="2021-04-11T19:47:42 IST" skipped="0">
  <testcase classname="Selenium.lambda.Assessment" name="testScript" time="27.280"/>
  <system-out/>
</testsuite> <!-- Selenium.lambda.Assessment -->
